<?xml version="1.0" encoding="UTF-8"?>
<!-- Generated by org.testng.reporters.JUnitReportReporter -->
<testsuite hostname="DESKTOP-7JQ1RUA" name="Selenium_Ajit.B1.TestNG_anotation" tests="2" failures="0" timestamp="9 Apr 2018 13:16:49 GMT" time="16.082" errors="0">
  <testcase name="Title" time="7.716" classname="Selenium_Ajit.B1.TestNG_anotation"/>
  <testcase name="Url" time="8.366" classname="Selenium_Ajit.B1.TestNG_anotation"/>
</testsuite> <!-- Selenium_Ajit.B1.TestNG_anotation -->
