<?xml version="1.0" encoding="UTF-8"?>
<!-- Generated by org.testng.reporters.JUnitReportReporter -->
<testsuite hostname="DESKTOP-7JQ1RUA" name="B1.NewTest" tests="1" failures="0" timestamp="9 Apr 2018 10:06:53 GMT" time="0.021" errors="0">
  <testcase name="demo" time="0.021" classname="B1.NewTest"/>
</testsuite> <!-- B1.NewTest -->
